

Started GET "/" for 127.0.0.1 at 2015-01-18 22:38:49 -0800

PG::ConnectionBad (fe_sendauth: no password supplied
):
  activerecord (4.2.0) lib/active_record/connection_adapters/postgresql_adapter.rb:651:in `initialize'
  activerecord (4.2.0) lib/active_record/connection_adapters/postgresql_adapter.rb:651:in `new'
  activerecord (4.2.0) lib/active_record/connection_adapters/postgresql_adapter.rb:651:in `connect'
  activerecord (4.2.0) lib/active_record/connection_adapters/postgresql_adapter.rb:242:in `initialize'
  activerecord (4.2.0) lib/active_record/connection_adapters/postgresql_adapter.rb:44:in `new'
  activerecord (4.2.0) lib/active_record/connection_adapters/postgresql_adapter.rb:44:in `postgresql_connection'
  activerecord (4.2.0) lib/active_record/connection_adapters/abstract/connection_pool.rb:436:in `new_connection'
  activerecord (4.2.0) lib/active_record/connection_adapters/abstract/connection_pool.rb:446:in `checkout_new_connection'
  activerecord (4.2.0) lib/active_record/connection_adapters/abstract/connection_pool.rb:422:in `acquire_connection'
  activerecord (4.2.0) lib/active_record/connection_adapters/abstract/connection_pool.rb:349:in `block in checkout'
  /home/test1/.rvm/rubies/ruby-2.1.2/lib/ruby/2.1.0/monitor.rb:211:in `mon_synchronize'
  activerecord (4.2.0) lib/active_record/connection_adapters/abstract/connection_pool.rb:348:in `checkout'
  activerecord (4.2.0) lib/active_record/connection_adapters/abstract/connection_pool.rb:263:in `block in connection'
  /home/test1/.rvm/rubies/ruby-2.1.2/lib/ruby/2.1.0/monitor.rb:211:in `mon_synchronize'
  activerecord (4.2.0) lib/active_record/connection_adapters/abstract/connection_pool.rb:262:in `connection'
  activerecord (4.2.0) lib/active_record/connection_adapters/abstract/connection_pool.rb:565:in `retrieve_connection'
  activerecord (4.2.0) lib/active_record/connection_handling.rb:113:in `retrieve_connection'
  activerecord (4.2.0) lib/active_record/connection_handling.rb:87:in `connection'
  activerecord (4.2.0) lib/active_record/migration.rb:384:in `connection'
  activerecord (4.2.0) lib/active_record/migration.rb:371:in `call'
  actionpack (4.2.0) lib/action_dispatch/middleware/callbacks.rb:29:in `block in call'
  activesupport (4.2.0) lib/active_support/callbacks.rb:88:in `call'
  activesupport (4.2.0) lib/active_support/callbacks.rb:88:in `_run_callbacks'
  activesupport (4.2.0) lib/active_support/callbacks.rb:734:in `_run_call_callbacks'
  activesupport (4.2.0) lib/active_support/callbacks.rb:81:in `run_callbacks'
  actionpack (4.2.0) lib/action_dispatch/middleware/callbacks.rb:27:in `call'
  actionpack (4.2.0) lib/action_dispatch/middleware/reloader.rb:73:in `call'
  actionpack (4.2.0) lib/action_dispatch/middleware/remote_ip.rb:78:in `call'
  web-console (2.0.0) lib/action_dispatch/debug_exceptions.rb:18:in `middleware_call'
  web-console (2.0.0) lib/action_dispatch/debug_exceptions.rb:13:in `call'
  actionpack (4.2.0) lib/action_dispatch/middleware/show_exceptions.rb:30:in `call'
  railties (4.2.0) lib/rails/rack/logger.rb:38:in `call_app'
  railties (4.2.0) lib/rails/rack/logger.rb:20:in `block in call'
  activesupport (4.2.0) lib/active_support/tagged_logging.rb:68:in `block in tagged'
  activesupport (4.2.0) lib/active_support/tagged_logging.rb:26:in `tagged'
  activesupport (4.2.0) lib/active_support/tagged_logging.rb:68:in `tagged'
  railties (4.2.0) lib/rails/rack/logger.rb:20:in `call'
  actionpack (4.2.0) lib/action_dispatch/middleware/request_id.rb:21:in `call'
  rack (1.6.0) lib/rack/methodoverride.rb:22:in `call'
  rack (1.6.0) lib/rack/runtime.rb:18:in `call'
  activesupport (4.2.0) lib/active_support/cache/strategy/local_cache_middleware.rb:28:in `call'
  rack (1.6.0) lib/rack/lock.rb:17:in `call'
  actionpack (4.2.0) lib/action_dispatch/middleware/static.rb:113:in `call'
  rack (1.6.0) lib/rack/sendfile.rb:113:in `call'
  railties (4.2.0) lib/rails/engine.rb:518:in `call'
  railties (4.2.0) lib/rails/application.rb:164:in `call'
  rack (1.6.0) lib/rack/lock.rb:17:in `call'
  rack (1.6.0) lib/rack/content_length.rb:15:in `call'
  rack (1.6.0) lib/rack/handler/webrick.rb:89:in `service'
  /home/test1/.rvm/rubies/ruby-2.1.2/lib/ruby/2.1.0/webrick/httpserver.rb:138:in `service'
  /home/test1/.rvm/rubies/ruby-2.1.2/lib/ruby/2.1.0/webrick/httpserver.rb:94:in `run'
  /home/test1/.rvm/rubies/ruby-2.1.2/lib/ruby/2.1.0/webrick/server.rb:295:in `block in start_thread'


  Rendered /home/test1/.rvm/gems/ruby-2.1.2@organizer/gems/web-console-2.0.0/lib/action_dispatch/templates/rescues/_source.erb (10.2ms)
  Rendered /home/test1/.rvm/gems/ruby-2.1.2@organizer/gems/web-console-2.0.0/lib/action_dispatch/templates/rescues/_trace.html.erb (1.8ms)
  Rendered /home/test1/.rvm/gems/ruby-2.1.2@organizer/gems/web-console-2.0.0/lib/action_dispatch/templates/rescues/_request_and_response.html.erb (0.8ms)
  Rendered /home/test1/.rvm/gems/ruby-2.1.2@organizer/gems/web-console-2.0.0/lib/action_dispatch/templates/rescues/_web_console.html.erb (0.9ms)
  Rendered /home/test1/.rvm/gems/ruby-2.1.2@organizer/gems/web-console-2.0.0/lib/action_dispatch/templates/rescues/diagnostics.html.erb within rescues/layout (50.6ms)


Started GET "/" for 127.0.0.1 at 2015-01-18 22:50:48 -0800
Processing by Rails::WelcomeController#index as HTML
  Rendered /home/test1/.rvm/gems/ruby-2.1.2@organizer/gems/railties-4.2.0/lib/rails/templates/rails/welcome/index.html.erb (1.6ms)
Completed 200 OK in 42ms (Views: 34.7ms | ActiveRecord: 0.0ms)


Started GET "/rails/info/properties" for 127.0.0.1 at 2015-01-18 22:50:57 -0800
Processing by Rails::InfoController#properties as HTML
  Rendered /home/test1/.rvm/gems/ruby-2.1.2@organizer/gems/railties-4.2.0/lib/rails/templates/rails/info/properties.html.erb (1.5ms)
Completed 200 OK in 59ms (Views: 9.6ms | ActiveRecord: 1.8ms)
  [1m[36m (27.5ms)[0m  [1mCREATE TABLE "schema_migrations" ("version" character varying NOT NULL) [0m
  [1m[35m (3.1ms)[0m  CREATE UNIQUE INDEX  "unique_schema_migrations" ON "schema_migrations"  ("version")
  [1m[36mActiveRecord::SchemaMigration Load (0.3ms)[0m  [1mSELECT "schema_migrations".* FROM "schema_migrations"[0m
Migrating to CreateUsers (20150119152745)
  [1m[35m (0.2ms)[0m  BEGIN
DEPRECATION WARNING: `#timestamp` was called without specifying an option for `null`. In Rails 5, this behavior will change to `null: false`. You should manually specify `null: true` to prevent the behavior of your existing migrations from changing. (called from block in change at /home/test1/workspace/file_organizer/db/migrate/20150119152745_create_users.rb:8)
  [1m[36m (17.5ms)[0m  [1mCREATE TABLE "users" ("id" serial primary key, "email" character varying, "password_hash" character varying, "password_salt" character varying, "created_at" timestamp, "updated_at" timestamp) [0m
  [1m[35mSQL (0.3ms)[0m  INSERT INTO "schema_migrations" ("version") VALUES ($1)  [["version", "20150119152745"]]
  [1m[36m (1.4ms)[0m  [1mCOMMIT[0m
  [1m[35mActiveRecord::SchemaMigration Load (0.2ms)[0m  SELECT "schema_migrations".* FROM "schema_migrations"
  [1m[36m (3.0ms)[0m  [1mSELECT t2.oid::regclass::text AS to_table, a1.attname AS column, a2.attname AS primary_key, c.conname AS name, c.confupdtype AS on_update, c.confdeltype AS on_delete
FROM pg_constraint c
JOIN pg_class t1 ON c.conrelid = t1.oid
JOIN pg_class t2 ON c.confrelid = t2.oid
JOIN pg_attribute a1 ON a1.attnum = c.conkey[1] AND a1.attrelid = t1.oid
JOIN pg_attribute a2 ON a2.attnum = c.confkey[1] AND a2.attrelid = t2.oid
JOIN pg_namespace t3 ON c.connamespace = t3.oid
WHERE c.contype = 'f'
  AND t1.relname = 'users'
  AND t3.nspname = ANY (current_schemas(false))
ORDER BY c.conname
[0m


Started GET "/" for 127.0.0.1 at 2015-01-19 15:31:37 -0800
  [1m[36mActiveRecord::SchemaMigration Load (0.4ms)[0m  [1mSELECT "schema_migrations".* FROM "schema_migrations"[0m
Processing by Rails::WelcomeController#index as HTML
  Rendered /home/test1/.rvm/gems/ruby-2.1.2@organizer/gems/railties-4.2.0/lib/rails/templates/rails/welcome/index.html.erb (3.1ms)
Completed 200 OK in 42ms (Views: 16.5ms | ActiveRecord: 0.0ms)


Started GET "/users/new" for 127.0.0.1 at 2015-01-19 15:31:43 -0800
Processing by UsersController#new as HTML
  Rendered users/new.html.erb within layouts/application (37.7ms)
Completed 200 OK in 634ms (Views: 602.3ms | ActiveRecord: 6.7ms)


Started GET "/assets/application-823e88bf1231c4323ee1d35731d8f1b6.css?body=1" for 127.0.0.1 at 2015-01-19 15:31:44 -0800


Started GET "/assets/jquery-eb3e278249152b5b5d5170b73d9dbf52.js?body=1" for 127.0.0.1 at 2015-01-19 15:31:44 -0800


Started GET "/assets/application-87bd87b2b6448711535da63878431bdf.js?body=1" for 127.0.0.1 at 2015-01-19 15:31:44 -0800


Started GET "/assets/turbolinks-924184401b7d116eadaaefc96895fa84.js?body=1" for 127.0.0.1 at 2015-01-19 15:31:44 -0800


Started GET "/assets/jquery_ujs-0b8f09cf5aec4ba1be1abd9f915c77e2.js?body=1" for 127.0.0.1 at 2015-01-19 15:31:44 -0800


Started POST "/users" for 127.0.0.1 at 2015-01-19 15:32:03 -0800
Processing by UsersController#create as HTML
  Parameters: {"utf8"=>"✓", "authenticity_token"=>"W57nCl8Gzcngf0BikFUhBlMZR7cmeZ7W3zswOqr0DYDSqpm+iiAsOdBcsfhct9ePMbFb2XRMDT0c7wIbzk9Amw==", "user"=>{"email"=>"test", "password"=>"[FILTERED]", "password_confirmation"=>"[FILTERED]"}, "commit"=>"Sign Up"}
  [1m[35m (3.6ms)[0m  BEGIN
  [1m[36m (2.5ms)[0m  [1mROLLBACK[0m
Completed 500 Internal Server Error in 10ms

NameError (uninitialized constant User::BCrypt):
  app/models/user.rb:9:in `encrypt_password'
  app/controllers/users_controller.rb:7:in `create'


  Rendered /home/test1/.rvm/gems/ruby-2.1.2@organizer/gems/web-console-2.0.0/lib/action_dispatch/templates/rescues/_source.erb (5.5ms)
  Rendered /home/test1/.rvm/gems/ruby-2.1.2@organizer/gems/web-console-2.0.0/lib/action_dispatch/templates/rescues/_trace.html.erb (3.3ms)
  Rendered /home/test1/.rvm/gems/ruby-2.1.2@organizer/gems/web-console-2.0.0/lib/action_dispatch/templates/rescues/_request_and_response.html.erb (5.1ms)
  Rendered /home/test1/.rvm/gems/ruby-2.1.2@organizer/gems/web-console-2.0.0/lib/action_dispatch/templates/rescues/_web_console.html.erb (84.2ms)
  Rendered /home/test1/.rvm/gems/ruby-2.1.2@organizer/gems/web-console-2.0.0/lib/action_dispatch/templates/rescues/diagnostics.html.erb within rescues/layout (123.3ms)


Started GET "/" for 127.0.0.1 at 2015-01-19 15:34:04 -0800
  [1m[36mActiveRecord::SchemaMigration Load (2.9ms)[0m  [1mSELECT "schema_migrations".* FROM "schema_migrations"[0m
Processing by Rails::WelcomeController#index as HTML
  Rendered /home/test1/.rvm/gems/ruby-2.1.2@organizer/gems/railties-4.2.0/lib/rails/templates/rails/welcome/index.html.erb (1.6ms)
Completed 200 OK in 37ms (Views: 22.1ms | ActiveRecord: 0.0ms)


Started GET "/users/new" for 127.0.0.1 at 2015-01-19 15:34:08 -0800
Processing by UsersController#new as HTML
  Rendered users/new.html.erb within layouts/application (30.8ms)
Completed 200 OK in 178ms (Views: 162.7ms | ActiveRecord: 4.7ms)


Started POST "/users" for 127.0.0.1 at 2015-01-19 15:34:16 -0800
Processing by UsersController#create as HTML
  Parameters: {"utf8"=>"✓", "authenticity_token"=>"WHoDA5eHJJYmx5mmU56un9/rwOcYEDF7z8gYzkjXSvTRTn23QqHFZhbkaDyffFgWvUPciUolopAMHCrvLGwH7w==", "user"=>{"email"=>"test", "password"=>"[FILTERED]", "password_confirmation"=>"[FILTERED]"}, "commit"=>"Sign Up"}
  [1m[35m (6.8ms)[0m  BEGIN
  [1m[36mSQL (0.7ms)[0m  [1mINSERT INTO "users" ("email", "password_salt", "password_hash", "created_at", "updated_at") VALUES ($1, $2, $3, $4, $5) RETURNING "id"[0m  [["email", "test"], ["password_salt", "$2a$10$oNSUpQrMU7W9Ydv7ibA3oe"], ["password_hash", "$2a$10$oNSUpQrMU7W9Ydv7ibA3oeewmTvNJpBr/uZWOas8qUxrLxkHlTmUu"], ["created_at", "2015-01-19 23:34:16.594847"], ["updated_at", "2015-01-19 23:34:16.594847"]]
  [1m[35m (2.7ms)[0m  COMMIT
Redirected to http://localhost:3000/
Completed 302 Found in 154ms (ActiveRecord: 10.4ms)


Started GET "/" for 127.0.0.1 at 2015-01-19 15:34:16 -0800
Processing by Rails::WelcomeController#index as HTML
  Rendered /home/test1/.rvm/gems/ruby-2.1.2@organizer/gems/railties-4.2.0/lib/rails/templates/rails/welcome/index.html.erb (0.1ms)
Completed 200 OK in 2ms (Views: 1.6ms | ActiveRecord: 0.0ms)


Started GET "/users" for 127.0.0.1 at 2015-01-19 15:34:26 -0800
Processing by UsersController#index as HTML
  Rendered users/index.html.erb within layouts/application (0.3ms)
Completed 200 OK in 72ms (Views: 71.3ms | ActiveRecord: 0.0ms)
  [1m[36mUser Load (0.6ms)[0m  [1mSELECT "users".* FROM "users"[0m


Started GET "/" for 127.0.0.1 at 2015-01-19 15:35:40 -0800
  [1m[36mActiveRecord::SchemaMigration Load (0.6ms)[0m  [1mSELECT "schema_migrations".* FROM "schema_migrations"[0m
Processing by Rails::WelcomeController#index as HTML
  Rendered /home/test1/.rvm/gems/ruby-2.1.2@organizer/gems/railties-4.2.0/lib/rails/templates/rails/welcome/index.html.erb (6.3ms)
Completed 200 OK in 44ms (Views: 23.3ms | ActiveRecord: 0.0ms)


Started GET "/users/" for 127.0.0.1 at 2015-01-19 15:35:49 -0800
Processing by UsersController#index as HTML
  Rendered users/index.html.erb within layouts/application (0.4ms)
Completed 200 OK in 119ms (Views: 118.0ms | ActiveRecord: 0.0ms)


Started GET "/log-in" for 127.0.0.1 at 2015-01-19 15:35:51 -0800

ActionController::RoutingError (No route matches [GET] "/log-in"):
  web-console (2.0.0) lib/action_dispatch/debug_exceptions.rb:22:in `middleware_call'
  web-console (2.0.0) lib/action_dispatch/debug_exceptions.rb:13:in `call'
  actionpack (4.2.0) lib/action_dispatch/middleware/show_exceptions.rb:30:in `call'
  railties (4.2.0) lib/rails/rack/logger.rb:38:in `call_app'
  railties (4.2.0) lib/rails/rack/logger.rb:20:in `block in call'
  activesupport (4.2.0) lib/active_support/tagged_logging.rb:68:in `block in tagged'
  activesupport (4.2.0) lib/active_support/tagged_logging.rb:26:in `tagged'
  activesupport (4.2.0) lib/active_support/tagged_logging.rb:68:in `tagged'
  railties (4.2.0) lib/rails/rack/logger.rb:20:in `call'
  actionpack (4.2.0) lib/action_dispatch/middleware/request_id.rb:21:in `call'
  rack (1.6.0) lib/rack/methodoverride.rb:22:in `call'
  rack (1.6.0) lib/rack/runtime.rb:18:in `call'
  activesupport (4.2.0) lib/active_support/cache/strategy/local_cache_middleware.rb:28:in `call'
  rack (1.6.0) lib/rack/lock.rb:17:in `call'
  actionpack (4.2.0) lib/action_dispatch/middleware/static.rb:113:in `call'
  rack (1.6.0) lib/rack/sendfile.rb:113:in `call'
  railties (4.2.0) lib/rails/engine.rb:518:in `call'
  railties (4.2.0) lib/rails/application.rb:164:in `call'
  rack (1.6.0) lib/rack/lock.rb:17:in `call'
  rack (1.6.0) lib/rack/content_length.rb:15:in `call'
  rack (1.6.0) lib/rack/handler/webrick.rb:89:in `service'
  /home/test1/.rvm/rubies/ruby-2.1.2/lib/ruby/2.1.0/webrick/httpserver.rb:138:in `service'
  /home/test1/.rvm/rubies/ruby-2.1.2/lib/ruby/2.1.0/webrick/httpserver.rb:94:in `run'
  /home/test1/.rvm/rubies/ruby-2.1.2/lib/ruby/2.1.0/webrick/server.rb:295:in `block in start_thread'


  Rendered /home/test1/.rvm/gems/ruby-2.1.2@organizer/gems/web-console-2.0.0/lib/action_dispatch/templates/rescues/_trace.html.erb (1.2ms)
  Rendered /home/test1/.rvm/gems/ruby-2.1.2@organizer/gems/web-console-2.0.0/lib/action_dispatch/templates/routes/_route.html.erb (0.9ms)
  Rendered /home/test1/.rvm/gems/ruby-2.1.2@organizer/gems/web-console-2.0.0/lib/action_dispatch/templates/routes/_table.html.erb (12.3ms)
  Rendered /home/test1/.rvm/gems/ruby-2.1.2@organizer/gems/web-console-2.0.0/lib/action_dispatch/templates/rescues/_request_and_response.html.erb (4.0ms)
  Rendered /home/test1/.rvm/gems/ruby-2.1.2@organizer/gems/web-console-2.0.0/lib/action_dispatch/templates/rescues/_web_console.html.erb (1.0ms)
  Rendered /home/test1/.rvm/gems/ruby-2.1.2@organizer/gems/web-console-2.0.0/lib/action_dispatch/templates/rescues/routing_error.html.erb within rescues/layout (69.5ms)


Started GET "/log-in" for 127.0.0.1 at 2015-01-19 15:35:51 -0800

ActionController::RoutingError (No route matches [GET] "/log-in"):
  web-console (2.0.0) lib/action_dispatch/debug_exceptions.rb:22:in `middleware_call'
  web-console (2.0.0) lib/action_dispatch/debug_exceptions.rb:13:in `call'
  actionpack (4.2.0) lib/action_dispatch/middleware/show_exceptions.rb:30:in `call'
  railties (4.2.0) lib/rails/rack/logger.rb:38:in `call_app'
  railties (4.2.0) lib/rails/rack/logger.rb:20:in `block in call'
  activesupport (4.2.0) lib/active_support/tagged_logging.rb:68:in `block in tagged'
  activesupport (4.2.0) lib/active_support/tagged_logging.rb:26:in `tagged'
  activesupport (4.2.0) lib/active_support/tagged_logging.rb:68:in `tagged'
  railties (4.2.0) lib/rails/rack/logger.rb:20:in `call'
  actionpack (4.2.0) lib/action_dispatch/middleware/request_id.rb:21:in `call'
  rack (1.6.0) lib/rack/methodoverride.rb:22:in `call'
  rack (1.6.0) lib/rack/runtime.rb:18:in `call'
  activesupport (4.2.0) lib/active_support/cache/strategy/local_cache_middleware.rb:28:in `call'
  rack (1.6.0) lib/rack/lock.rb:17:in `call'
  actionpack (4.2.0) lib/action_dispatch/middleware/static.rb:113:in `call'
  rack (1.6.0) lib/rack/sendfile.rb:113:in `call'
  railties (4.2.0) lib/rails/engine.rb:518:in `call'
  railties (4.2.0) lib/rails/application.rb:164:in `call'
  rack (1.6.0) lib/rack/lock.rb:17:in `call'
  rack (1.6.0) lib/rack/content_length.rb:15:in `call'
  rack (1.6.0) lib/rack/handler/webrick.rb:89:in `service'
  /home/test1/.rvm/rubies/ruby-2.1.2/lib/ruby/2.1.0/webrick/httpserver.rb:138:in `service'
  /home/test1/.rvm/rubies/ruby-2.1.2/lib/ruby/2.1.0/webrick/httpserver.rb:94:in `run'
  /home/test1/.rvm/rubies/ruby-2.1.2/lib/ruby/2.1.0/webrick/server.rb:295:in `block in start_thread'


  Rendered /home/test1/.rvm/gems/ruby-2.1.2@organizer/gems/web-console-2.0.0/lib/action_dispatch/templates/rescues/_trace.html.erb (1.6ms)
  Rendered /home/test1/.rvm/gems/ruby-2.1.2@organizer/gems/web-console-2.0.0/lib/action_dispatch/templates/routes/_route.html.erb (1.3ms)
  Rendered /home/test1/.rvm/gems/ruby-2.1.2@organizer/gems/web-console-2.0.0/lib/action_dispatch/templates/routes/_table.html.erb (2.3ms)
  Rendered /home/test1/.rvm/gems/ruby-2.1.2@organizer/gems/web-console-2.0.0/lib/action_dispatch/templates/rescues/_request_and_response.html.erb (6.4ms)
  Rendered /home/test1/.rvm/gems/ruby-2.1.2@organizer/gems/web-console-2.0.0/lib/action_dispatch/templates/rescues/_web_console.html.erb (0.9ms)
  Rendered /home/test1/.rvm/gems/ruby-2.1.2@organizer/gems/web-console-2.0.0/lib/action_dispatch/templates/rescues/routing_error.html.erb within rescues/layout (68.8ms)


Started GET "/" for 127.0.0.1 at 2015-01-19 15:37:57 -0800
  [1m[36mActiveRecord::SchemaMigration Load (0.4ms)[0m  [1mSELECT "schema_migrations".* FROM "schema_migrations"[0m
Processing by HomeController#index as HTML
  Rendered home/index.html.erb within layouts/application (8.4ms)
Completed 500 Internal Server Error in 59ms

ActionView::Template::Error (undefined method `email' for nil:NilClass):
    1: <h1>Home#index</h1>
    2: <p>Find me in app/views/home/index.html.erb</p>
    3: 
    4: Welcome, <%=current_user.email %>
  app/views/home/index.html.erb:4:in `_app_views_home_index_html_erb___3148890122934014708_47357600'


  Rendered /home/test1/.rvm/gems/ruby-2.1.2@organizer/gems/web-console-2.0.0/lib/action_dispatch/templates/rescues/_source.erb (7.1ms)
  Rendered /home/test1/.rvm/gems/ruby-2.1.2@organizer/gems/web-console-2.0.0/lib/action_dispatch/templates/rescues/_trace.html.erb (2.3ms)
  Rendered /home/test1/.rvm/gems/ruby-2.1.2@organizer/gems/web-console-2.0.0/lib/action_dispatch/templates/rescues/_request_and_response.html.erb (6.8ms)
  Rendered /home/test1/.rvm/gems/ruby-2.1.2@organizer/gems/web-console-2.0.0/lib/action_dispatch/templates/rescues/_web_console.html.erb (0.9ms)
  Rendered /home/test1/.rvm/gems/ruby-2.1.2@organizer/gems/web-console-2.0.0/lib/action_dispatch/templates/rescues/template_error.html.erb within rescues/layout (46.3ms)


Started GET "/" for 127.0.0.1 at 2015-01-19 15:38:04 -0800
Processing by HomeController#index as HTML
  Rendered home/index.html.erb within layouts/application (8.4ms)
Completed 500 Internal Server Error in 17ms

ActionView::Template::Error (undefined method `email' for nil:NilClass):
    1: <h1>Home#index</h1>
    2: <p>Find me in app/views/home/index.html.erb</p>
    3: 
    4: Welcome, <%=current_user.email %>
  app/views/home/index.html.erb:4:in `_app_views_home_index_html_erb___3148890122934014708_47357600'


  Rendered /home/test1/.rvm/gems/ruby-2.1.2@organizer/gems/web-console-2.0.0/lib/action_dispatch/templates/rescues/_source.erb (8.8ms)
  Rendered /home/test1/.rvm/gems/ruby-2.1.2@organizer/gems/web-console-2.0.0/lib/action_dispatch/templates/rescues/_trace.html.erb (3.0ms)
  Rendered /home/test1/.rvm/gems/ruby-2.1.2@organizer/gems/web-console-2.0.0/lib/action_dispatch/templates/rescues/_request_and_response.html.erb (0.8ms)
  Rendered /home/test1/.rvm/gems/ruby-2.1.2@organizer/gems/web-console-2.0.0/lib/action_dispatch/templates/rescues/_web_console.html.erb (0.7ms)
  Rendered /home/test1/.rvm/gems/ruby-2.1.2@organizer/gems/web-console-2.0.0/lib/action_dispatch/templates/rescues/template_error.html.erb within rescues/layout (42.9ms)


Started GET "/" for 127.0.0.1 at 2015-01-19 15:52:11 -0800
  [1m[36mActiveRecord::SchemaMigration Load (4.1ms)[0m  [1mSELECT "schema_migrations".* FROM "schema_migrations"[0m
Processing by HomeController#index as HTML
  Rendered home/index.html.erb within layouts/application (7.1ms)
Completed 500 Internal Server Error in 58ms

ActionView::Template::Error (undefined method `email' for nil:NilClass):
    1: <h1>Home#index</h1>
    2: <p>Find me in app/views/home/index.html.erb</p>
    3: 
    4: Welcome, <%=current_user.email %>
  app/views/home/index.html.erb:4:in `_app_views_home_index_html_erb___2849918808721446757_44823740'


  Rendered /home/test1/.rvm/gems/ruby-2.1.2@organizer/gems/web-console-2.0.0/lib/action_dispatch/templates/rescues/_source.erb (5.9ms)
  Rendered /home/test1/.rvm/gems/ruby-2.1.2@organizer/gems/web-console-2.0.0/lib/action_dispatch/templates/rescues/_trace.html.erb (2.4ms)
  Rendered /home/test1/.rvm/gems/ruby-2.1.2@organizer/gems/web-console-2.0.0/lib/action_dispatch/templates/rescues/_request_and_response.html.erb (0.8ms)
  Rendered /home/test1/.rvm/gems/ruby-2.1.2@organizer/gems/web-console-2.0.0/lib/action_dispatch/templates/rescues/_web_console.html.erb (4.9ms)
  Rendered /home/test1/.rvm/gems/ruby-2.1.2@organizer/gems/web-console-2.0.0/lib/action_dispatch/templates/rescues/template_error.html.erb within rescues/layout (30.1ms)


Started GET "/users/" for 127.0.0.1 at 2015-01-19 15:52:25 -0800
Processing by UsersController#index as HTML
  Rendered users/index.html.erb within layouts/application (0.8ms)
Completed 200 OK in 147ms (Views: 146.0ms | ActiveRecord: 0.0ms)


Started GET "/log-in" for 127.0.0.1 at 2015-01-19 15:52:28 -0800
Processing by SessionsController#new as HTML
  Rendered sessions/new.html.erb within layouts/application (1.1ms)
Completed 200 OK in 66ms (Views: 65.6ms | ActiveRecord: 0.0ms)


Started POST "/log-in" for 127.0.0.1 at 2015-01-19 15:52:40 -0800
Processing by SessionsController#create as HTML
  Parameters: {"utf8"=>"✓", "authenticity_token"=>"iLcTz99o4/5pHLhpsY1fhYYo/9KeWmDVTn5DTaiYYdABg217Ck4CDlk/SfN9b6kM5IDjvMxv8z6NqnFszCMsyw==", "email"=>"test", "password"=>"[FILTERED]", "commit"=>"Log in"}
  [1m[35mUser Load (2.4ms)[0m  SELECT  "users".* FROM "users" WHERE "users"."email" = $1  ORDER BY "users"."id" ASC LIMIT 1  [["email", "test"]]
Redirected to http://localhost:3000/
Completed 302 Found in 195ms (ActiveRecord: 6.1ms)


Started GET "/" for 127.0.0.1 at 2015-01-19 15:52:40 -0800
Processing by HomeController#index as HTML
  [1m[36mUser Load (0.4ms)[0m  [1mSELECT  "users".* FROM "users" WHERE "users"."id" = $1 LIMIT 1[0m  [["id", 1]]
  Rendered home/index.html.erb within layouts/application (7.1ms)
Completed 200 OK in 76ms (Views: 75.3ms | ActiveRecord: 0.4ms)


Started GET "/log-out" for 127.0.0.1 at 2015-01-19 15:52:47 -0800
Processing by SessionsController#destroy as HTML
Redirected to http://localhost:3000/
Completed 302 Found in 2ms (ActiveRecord: 0.0ms)


Started GET "/" for 127.0.0.1 at 2015-01-19 15:52:47 -0800
Processing by HomeController#index as HTML
  Rendered home/index.html.erb within layouts/application (1.8ms)
Completed 500 Internal Server Error in 9ms

ActionView::Template::Error (undefined method `email' for nil:NilClass):
    1: <h1>Home#index</h1>
    2: <p>Find me in app/views/home/index.html.erb</p>
    3: 
    4: Welcome, <%=current_user.email %>
  app/views/home/index.html.erb:4:in `_app_views_home_index_html_erb___2849918808721446757_69869932330460'


  Rendered /home/test1/.rvm/gems/ruby-2.1.2@organizer/gems/web-console-2.0.0/lib/action_dispatch/templates/rescues/_source.erb (5.8ms)
  Rendered /home/test1/.rvm/gems/ruby-2.1.2@organizer/gems/web-console-2.0.0/lib/action_dispatch/templates/rescues/_trace.html.erb (2.2ms)
  Rendered /home/test1/.rvm/gems/ruby-2.1.2@organizer/gems/web-console-2.0.0/lib/action_dispatch/templates/rescues/_request_and_response.html.erb (0.8ms)
  Rendered /home/test1/.rvm/gems/ruby-2.1.2@organizer/gems/web-console-2.0.0/lib/action_dispatch/templates/rescues/_web_console.html.erb (1.2ms)
  Rendered /home/test1/.rvm/gems/ruby-2.1.2@organizer/gems/web-console-2.0.0/lib/action_dispatch/templates/rescues/template_error.html.erb within rescues/layout (29.6ms)


Started GET "/log-out" for 127.0.0.1 at 2015-01-19 15:52:47 -0800
Processing by SessionsController#destroy as HTML
Redirected to http://localhost:3000/
Completed 302 Found in 2ms (ActiveRecord: 0.0ms)


Started GET "/" for 127.0.0.1 at 2015-01-19 15:52:47 -0800
Processing by HomeController#index as HTML
  Rendered home/index.html.erb within layouts/application (4.6ms)
Completed 500 Internal Server Error in 13ms

ActionView::Template::Error (undefined method `email' for nil:NilClass):
    1: <h1>Home#index</h1>
    2: <p>Find me in app/views/home/index.html.erb</p>
    3: 
    4: Welcome, <%=current_user.email %>
  app/views/home/index.html.erb:4:in `_app_views_home_index_html_erb___2849918808721446757_44823740'


  Rendered /home/test1/.rvm/gems/ruby-2.1.2@organizer/gems/web-console-2.0.0/lib/action_dispatch/templates/rescues/_source.erb (7.0ms)
  Rendered /home/test1/.rvm/gems/ruby-2.1.2@organizer/gems/web-console-2.0.0/lib/action_dispatch/templates/rescues/_trace.html.erb (13.2ms)
  Rendered /home/test1/.rvm/gems/ruby-2.1.2@organizer/gems/web-console-2.0.0/lib/action_dispatch/templates/rescues/_request_and_response.html.erb (5.7ms)
  Rendered /home/test1/.rvm/gems/ruby-2.1.2@organizer/gems/web-console-2.0.0/lib/action_dispatch/templates/rescues/_web_console.html.erb (4.8ms)
  Rendered /home/test1/.rvm/gems/ruby-2.1.2@organizer/gems/web-console-2.0.0/lib/action_dispatch/templates/rescues/template_error.html.erb within rescues/layout (57.1ms)
  [1m[36mUser Load (0.6ms)[0m  [1mSELECT "users".* FROM "users"[0m
  [1m[35mUser Load (1.0ms)[0m  SELECT  "users".* FROM "users"  ORDER BY "users"."id" ASC LIMIT 1


Started GET "/" for 127.0.0.1 at 2015-01-19 16:03:59 -0800
  [1m[36mActiveRecord::SchemaMigration Load (0.4ms)[0m  [1mSELECT "schema_migrations".* FROM "schema_migrations"[0m
Processing by HomeController#index as HTML
  Rendered home/index.html.erb within layouts/application (3.6ms)
Completed 500 Internal Server Error in 42ms

ActionView::Template::Error (undefined method `email' for nil:NilClass):
    1: <h1>Home#index</h1>
    2: <p>Find me in app/views/home/index.html.erb</p>
    3: 
    4: Welcome, <%=current_user.email %>
  app/views/home/index.html.erb:4:in `_app_views_home_index_html_erb__174288942904997751_54406920'


  Rendered /home/test1/.rvm/gems/ruby-2.1.2@organizer/gems/web-console-2.0.0/lib/action_dispatch/templates/rescues/_source.erb (6.7ms)
  Rendered /home/test1/.rvm/gems/ruby-2.1.2@organizer/gems/web-console-2.0.0/lib/action_dispatch/templates/rescues/_trace.html.erb (6.4ms)
  Rendered /home/test1/.rvm/gems/ruby-2.1.2@organizer/gems/web-console-2.0.0/lib/action_dispatch/templates/rescues/_request_and_response.html.erb (1.0ms)
  Rendered /home/test1/.rvm/gems/ruby-2.1.2@organizer/gems/web-console-2.0.0/lib/action_dispatch/templates/rescues/_web_console.html.erb (7.0ms)
  Rendered /home/test1/.rvm/gems/ruby-2.1.2@organizer/gems/web-console-2.0.0/lib/action_dispatch/templates/rescues/template_error.html.erb within rescues/layout (54.5ms)


Started GET "/users/" for 127.0.0.1 at 2015-01-19 16:04:15 -0800
Processing by UsersController#index as HTML
  Rendered users/index.html.erb within layouts/application (0.3ms)
Completed 200 OK in 132ms (Views: 130.8ms | ActiveRecord: 0.0ms)


Started GET "/log-out" for 127.0.0.1 at 2015-01-19 16:04:17 -0800
Processing by SessionsController#destroy as HTML
Redirected to http://localhost:3000/
Completed 302 Found in 1ms (ActiveRecord: 0.0ms)


Started GET "/" for 127.0.0.1 at 2015-01-19 16:04:17 -0800
Processing by HomeController#index as HTML
  Rendered home/index.html.erb within layouts/application (2.6ms)
Completed 500 Internal Server Error in 7ms

ActionView::Template::Error (undefined method `email' for nil:NilClass):
    1: <h1>Home#index</h1>
    2: <p>Find me in app/views/home/index.html.erb</p>
    3: 
    4: Welcome, <%=current_user.email %>
  app/views/home/index.html.erb:4:in `_app_views_home_index_html_erb__174288942904997751_52432700'


  Rendered /home/test1/.rvm/gems/ruby-2.1.2@organizer/gems/web-console-2.0.0/lib/action_dispatch/templates/rescues/_source.erb (5.2ms)
  Rendered /home/test1/.rvm/gems/ruby-2.1.2@organizer/gems/web-console-2.0.0/lib/action_dispatch/templates/rescues/_trace.html.erb (10.4ms)
  Rendered /home/test1/.rvm/gems/ruby-2.1.2@organizer/gems/web-console-2.0.0/lib/action_dispatch/templates/rescues/_request_and_response.html.erb (0.9ms)
  Rendered /home/test1/.rvm/gems/ruby-2.1.2@organizer/gems/web-console-2.0.0/lib/action_dispatch/templates/rescues/_web_console.html.erb (0.6ms)
  Rendered /home/test1/.rvm/gems/ruby-2.1.2@organizer/gems/web-console-2.0.0/lib/action_dispatch/templates/rescues/template_error.html.erb within rescues/layout (38.2ms)


Started GET "/log-out" for 127.0.0.1 at 2015-01-19 16:04:18 -0800
Processing by SessionsController#destroy as HTML
Redirected to http://localhost:3000/
Completed 302 Found in 2ms (ActiveRecord: 0.0ms)


Started GET "/" for 127.0.0.1 at 2015-01-19 16:04:18 -0800
Processing by HomeController#index as HTML
  Rendered home/index.html.erb within layouts/application (8.9ms)
Completed 500 Internal Server Error in 12ms

ActionView::Template::Error (undefined method `email' for nil:NilClass):
    1: <h1>Home#index</h1>
    2: <p>Find me in app/views/home/index.html.erb</p>
    3: 
    4: Welcome, <%=current_user.email %>
  app/views/home/index.html.erb:4:in `_app_views_home_index_html_erb__174288942904997751_54406920'


  Rendered /home/test1/.rvm/gems/ruby-2.1.2@organizer/gems/web-console-2.0.0/lib/action_dispatch/templates/rescues/_source.erb (14.1ms)
  Rendered /home/test1/.rvm/gems/ruby-2.1.2@organizer/gems/web-console-2.0.0/lib/action_dispatch/templates/rescues/_trace.html.erb (2.3ms)
  Rendered /home/test1/.rvm/gems/ruby-2.1.2@organizer/gems/web-console-2.0.0/lib/action_dispatch/templates/rescues/_request_and_response.html.erb (1.1ms)
  Rendered /home/test1/.rvm/gems/ruby-2.1.2@organizer/gems/web-console-2.0.0/lib/action_dispatch/templates/rescues/_web_console.html.erb (7.3ms)
  Rendered /home/test1/.rvm/gems/ruby-2.1.2@organizer/gems/web-console-2.0.0/lib/action_dispatch/templates/rescues/template_error.html.erb within rescues/layout (51.2ms)


Started GET "/users/" for 127.0.0.1 at 2015-01-19 16:04:22 -0800
Processing by UsersController#index as HTML
  Rendered users/index.html.erb within layouts/application (0.1ms)
Completed 200 OK in 101ms (Views: 100.2ms | ActiveRecord: 0.0ms)


Started GET "/log-in" for 127.0.0.1 at 2015-01-19 16:04:25 -0800
Processing by SessionsController#new as HTML
  Rendered sessions/new.html.erb within layouts/application (1.2ms)
Completed 200 OK in 68ms (Views: 67.6ms | ActiveRecord: 0.0ms)


Started POST "/log-in" for 127.0.0.1 at 2015-01-19 16:04:30 -0800
Processing by SessionsController#create as HTML
  Parameters: {"utf8"=>"✓", "authenticity_token"=>"olfH6X4x9hW1SCfcxd3I0ZYFQFa42bi2K+ZGyFacyTMrY7ldqxcX5YVr1kYJPz5Y9K1cOOrsK13oMnTpMieEKA==", "email"=>"test", "password"=>"[FILTERED]", "commit"=>"Log in"}
  [1m[35mUser Load (0.4ms)[0m  SELECT  "users".* FROM "users" WHERE "users"."email" = $1  ORDER BY "users"."id" ASC LIMIT 1  [["email", "test"]]
Redirected to http://localhost:3000/
Completed 302 Found in 169ms (ActiveRecord: 8.3ms)


Started GET "/" for 127.0.0.1 at 2015-01-19 16:04:31 -0800
Processing by HomeController#index as HTML
  [1m[36mUser Load (0.3ms)[0m  [1mSELECT  "users".* FROM "users" WHERE "users"."id" = $1 LIMIT 1[0m  [["id", 1]]
  Rendered home/index.html.erb within layouts/application (9.1ms)
Completed 200 OK in 89ms (Views: 84.0ms | ActiveRecord: 0.3ms)


Started GET "/users/" for 127.0.0.1 at 2015-01-19 16:04:41 -0800
Processing by UsersController#index as HTML
  Rendered users/index.html.erb within layouts/application (0.1ms)
Completed 200 OK in 78ms (Views: 77.1ms | ActiveRecord: 0.0ms)


Started GET "/log-out" for 127.0.0.1 at 2015-01-19 16:04:45 -0800
Processing by SessionsController#destroy as HTML
Redirected to http://localhost:3000/
Completed 302 Found in 1ms (ActiveRecord: 0.0ms)


Started GET "/" for 127.0.0.1 at 2015-01-19 16:04:45 -0800
Processing by HomeController#index as HTML
  Rendered home/index.html.erb within layouts/application (13.4ms)
Completed 500 Internal Server Error in 19ms

ActionView::Template::Error (undefined method `email' for nil:NilClass):
    1: <h1>Home#index</h1>
    2: <p>Find me in app/views/home/index.html.erb</p>
    3: 
    4: Welcome, <%=current_user.email %>
  app/views/home/index.html.erb:4:in `_app_views_home_index_html_erb__174288942904997751_52432700'


  Rendered /home/test1/.rvm/gems/ruby-2.1.2@organizer/gems/web-console-2.0.0/lib/action_dispatch/templates/rescues/_source.erb (5.9ms)
  Rendered /home/test1/.rvm/gems/ruby-2.1.2@organizer/gems/web-console-2.0.0/lib/action_dispatch/templates/rescues/_trace.html.erb (2.4ms)
  Rendered /home/test1/.rvm/gems/ruby-2.1.2@organizer/gems/web-console-2.0.0/lib/action_dispatch/templates/rescues/_request_and_response.html.erb (0.7ms)
  Rendered /home/test1/.rvm/gems/ruby-2.1.2@organizer/gems/web-console-2.0.0/lib/action_dispatch/templates/rescues/_web_console.html.erb (0.7ms)
  Rendered /home/test1/.rvm/gems/ruby-2.1.2@organizer/gems/web-console-2.0.0/lib/action_dispatch/templates/rescues/template_error.html.erb within rescues/layout (26.0ms)


Started GET "/log-out" for 127.0.0.1 at 2015-01-19 16:04:45 -0800
Processing by SessionsController#destroy as HTML
Redirected to http://localhost:3000/
Completed 302 Found in 4ms (ActiveRecord: 0.0ms)


Started GET "/" for 127.0.0.1 at 2015-01-19 16:04:45 -0800
Processing by HomeController#index as HTML
  Rendered home/index.html.erb within layouts/application (9.5ms)
Completed 500 Internal Server Error in 14ms

ActionView::Template::Error (undefined method `email' for nil:NilClass):
    1: <h1>Home#index</h1>
    2: <p>Find me in app/views/home/index.html.erb</p>
    3: 
    4: Welcome, <%=current_user.email %>
  app/views/home/index.html.erb:4:in `_app_views_home_index_html_erb__174288942904997751_54406920'


  Rendered /home/test1/.rvm/gems/ruby-2.1.2@organizer/gems/web-console-2.0.0/lib/action_dispatch/templates/rescues/_source.erb (9.7ms)
  Rendered /home/test1/.rvm/gems/ruby-2.1.2@organizer/gems/web-console-2.0.0/lib/action_dispatch/templates/rescues/_trace.html.erb (9.6ms)
  Rendered /home/test1/.rvm/gems/ruby-2.1.2@organizer/gems/web-console-2.0.0/lib/action_dispatch/templates/rescues/_request_and_response.html.erb (1.0ms)
  Rendered /home/test1/.rvm/gems/ruby-2.1.2@organizer/gems/web-console-2.0.0/lib/action_dispatch/templates/rescues/_web_console.html.erb (1.4ms)
  Rendered /home/test1/.rvm/gems/ruby-2.1.2@organizer/gems/web-console-2.0.0/lib/action_dispatch/templates/rescues/template_error.html.erb within rescues/layout (66.0ms)


Started GET "/" for 127.0.0.1 at 2015-01-19 16:08:25 -0800
  [1m[36mActiveRecord::SchemaMigration Load (4.2ms)[0m  [1mSELECT "schema_migrations".* FROM "schema_migrations"[0m
Processing by HomeController#index as HTML
  Rendered home/index.html.erb within layouts/application (6.0ms)
Completed 500 Internal Server Error in 48ms

SyntaxError (/home/test1/workspace/file_organizer/app/views/home/index.html.erb:7: syntax error, unexpected keyword_in, expecting ')'
...fer.append=( You need to log in to view files. );@output_buf...
...                               ^
/home/test1/workspace/file_organizer/app/views/home/index.html.erb:7: syntax error, unexpected ')', expecting '('
...need to log in to view files. );@output_buffer.safe_append='
...                               ^
/home/test1/workspace/file_organizer/app/views/home/index.html.erb:8: syntax error, unexpected keyword_end, expecting ')'
'.freeze; end 
             ^
/home/test1/workspace/file_organizer/app/views/home/index.html.erb:11: syntax error, unexpected keyword_ensure, expecting ')'
/home/test1/workspace/file_organizer/app/views/home/index.html.erb:13: syntax error, unexpected keyword_end, expecting ')'):
  app/views/home/index.html.erb:7: syntax error, unexpected keyword_in, expecting ')'
  app/views/home/index.html.erb:7: syntax error, unexpected ')', expecting '('
  app/views/home/index.html.erb:8: syntax error, unexpected keyword_end, expecting ')'
  app/views/home/index.html.erb:11: syntax error, unexpected keyword_ensure, expecting ')'
  app/views/home/index.html.erb:13: syntax error, unexpected keyword_end, expecting ')'


  Rendered /home/test1/.rvm/gems/ruby-2.1.2@organizer/gems/web-console-2.0.0/lib/action_dispatch/templates/rescues/_source.erb (7.7ms)
  Rendered /home/test1/.rvm/gems/ruby-2.1.2@organizer/gems/web-console-2.0.0/lib/action_dispatch/templates/rescues/_trace.html.erb (2.8ms)
  Rendered /home/test1/.rvm/gems/ruby-2.1.2@organizer/gems/web-console-2.0.0/lib/action_dispatch/templates/rescues/_request_and_response.html.erb (7.6ms)
  Rendered /home/test1/.rvm/gems/ruby-2.1.2@organizer/gems/web-console-2.0.0/lib/action_dispatch/templates/rescues/_web_console.html.erb (1.1ms)
  Rendered /home/test1/.rvm/gems/ruby-2.1.2@organizer/gems/web-console-2.0.0/lib/action_dispatch/templates/rescues/diagnostics.html.erb within rescues/layout (51.2ms)


Started GET "/" for 127.0.0.1 at 2015-01-19 16:10:44 -0800
  [1m[36mActiveRecord::SchemaMigration Load (0.4ms)[0m  [1mSELECT "schema_migrations".* FROM "schema_migrations"[0m
Processing by HomeController#index as HTML
  Rendered home/index.html.erb within layouts/application (5.7ms)
Completed 200 OK in 131ms (Views: 116.9ms | ActiveRecord: 0.0ms)


Started GET "/log-in" for 127.0.0.1 at 2015-01-19 16:10:49 -0800
Processing by SessionsController#new as HTML
  Rendered sessions/new.html.erb within layouts/application (3.4ms)
Completed 200 OK in 71ms (Views: 70.4ms | ActiveRecord: 0.0ms)


Started POST "/log-in" for 127.0.0.1 at 2015-01-19 16:10:55 -0800
Processing by SessionsController#create as HTML
  Parameters: {"utf8"=>"✓", "authenticity_token"=>"JkT/YavDipUVHcalypelYhntudL3SyTMZpZDhnwdwp+vcIHVfuVrZSU+Nz8GdVPre0WlvKV+tyelQnGnGKaPhA==", "email"=>"test", "password"=>"[FILTERED]", "commit"=>"Log in"}
  [1m[35mUser Load (0.3ms)[0m  SELECT  "users".* FROM "users" WHERE "users"."email" = $1  ORDER BY "users"."id" ASC LIMIT 1  [["email", "test"]]
Redirected to http://localhost:3000/
Completed 302 Found in 154ms (ActiveRecord: 13.1ms)


Started GET "/" for 127.0.0.1 at 2015-01-19 16:10:55 -0800
Processing by HomeController#index as HTML
  [1m[36mUser Load (0.2ms)[0m  [1mSELECT  "users".* FROM "users" WHERE "users"."id" = $1 LIMIT 1[0m  [["id", 1]]
  Rendered home/index.html.erb within layouts/application (9.7ms)
Completed 200 OK in 90ms (Views: 89.2ms | ActiveRecord: 0.2ms)


Started GET "/log-out" for 127.0.0.1 at 2015-01-19 16:11:01 -0800
Processing by SessionsController#destroy as HTML
Redirected to http://localhost:3000/
Completed 302 Found in 1ms (ActiveRecord: 0.0ms)


Started GET "/" for 127.0.0.1 at 2015-01-19 16:11:01 -0800
Processing by HomeController#index as HTML
  Rendered home/index.html.erb within layouts/application (0.2ms)
Completed 200 OK in 76ms (Views: 75.2ms | ActiveRecord: 0.0ms)


Started GET "/log-in" for 127.0.0.1 at 2015-01-19 16:11:05 -0800
Processing by SessionsController#new as HTML
  Rendered sessions/new.html.erb within layouts/application (0.5ms)
Completed 200 OK in 66ms (Views: 65.9ms | ActiveRecord: 0.0ms)


Started POST "/log-in" for 127.0.0.1 at 2015-01-19 16:11:11 -0800
Processing by SessionsController#create as HTML
  Parameters: {"utf8"=>"✓", "authenticity_token"=>"a73BVmxN+xcN3gXDKqo6TDVomrmXNtonS/EAJ4rofPziib/iuWsa5z399FnmSMzFV8CG18UDScyIJTIG7lMx5w==", "email"=>"test", "password"=>"[FILTERED]", "commit"=>"Log in"}
  [1m[35mUser Load (1.7ms)[0m  SELECT  "users".* FROM "users" WHERE "users"."email" = $1  ORDER BY "users"."id" ASC LIMIT 1  [["email", "test"]]
Redirected to http://localhost:3000/
Completed 302 Found in 152ms (ActiveRecord: 1.7ms)


Started GET "/" for 127.0.0.1 at 2015-01-19 16:11:11 -0800
Processing by HomeController#index as HTML
  [1m[36mUser Load (3.4ms)[0m  [1mSELECT  "users".* FROM "users" WHERE "users"."id" = $1 LIMIT 1[0m  [["id", 1]]
  Rendered home/index.html.erb within layouts/application (4.1ms)
Completed 200 OK in 79ms (Views: 74.7ms | ActiveRecord: 3.4ms)


Started GET "/" for 127.0.0.1 at 2015-01-19 17:51:31 -0800
  [1m[36mActiveRecord::SchemaMigration Load (0.4ms)[0m  [1mSELECT "schema_migrations".* FROM "schema_migrations"[0m
Processing by HomeController#index as HTML
  Rendered home/index.html.erb within layouts/application (16.2ms)
Completed 500 Internal Server Error in 62ms

ActionView::Template::Error (undefined local variable or method `with' for #<Class:0x00000006562a88>):
    1: <h1>Home#index</h1>
    2: <p>Find me in app/views/home/index.html.erb</p>
    3: 
    4: <% if current_user %>
    5: Welcome, <%=current_user.email %>
    6: <% else %>
    7:   <p>You need to log in to view files.</p>
  app/models/user.rb:7:in `<class:User>'
  app/models/user.rb:1:in `<top (required)>'
  app/controllers/application_controller.rb:7:in `current_user'
  app/views/home/index.html.erb:4:in `_app_views_home_index_html_erb___2894162993557813836_53326580'


  Rendered /home/test1/.rvm/gems/ruby-2.1.2@organizer/gems/web-console-2.0.0/lib/action_dispatch/templates/rescues/_source.erb (6.8ms)
  Rendered /home/test1/.rvm/gems/ruby-2.1.2@organizer/gems/web-console-2.0.0/lib/action_dispatch/templates/rescues/_trace.html.erb (3.4ms)
  Rendered /home/test1/.rvm/gems/ruby-2.1.2@organizer/gems/web-console-2.0.0/lib/action_dispatch/templates/rescues/_request_and_response.html.erb (0.8ms)
  Rendered /home/test1/.rvm/gems/ruby-2.1.2@organizer/gems/web-console-2.0.0/lib/action_dispatch/templates/rescues/_web_console.html.erb (1.0ms)
  Rendered /home/test1/.rvm/gems/ruby-2.1.2@organizer/gems/web-console-2.0.0/lib/action_dispatch/templates/rescues/template_error.html.erb within rescues/layout (34.8ms)


Started GET "/" for 127.0.0.1 at 2015-01-19 17:52:08 -0800
  [1m[36mActiveRecord::SchemaMigration Load (0.4ms)[0m  [1mSELECT "schema_migrations".* FROM "schema_migrations"[0m
Processing by HomeController#index as HTML
  [1m[35mUser Load (0.4ms)[0m  SELECT  "users".* FROM "users" WHERE "users"."id" = $1 LIMIT 1  [["id", 1]]
  Rendered home/index.html.erb within layouts/application (39.1ms)
Completed 200 OK in 177ms (Views: 151.7ms | ActiveRecord: 6.8ms)


Started GET "/log-in" for 127.0.0.1 at 2015-01-19 17:52:15 -0800
Processing by SessionsController#new as HTML
  Rendered sessions/new.html.erb within layouts/application (6.2ms)
Completed 200 OK in 71ms (Views: 70.0ms | ActiveRecord: 0.0ms)


Started POST "/log-in" for 127.0.0.1 at 2015-01-19 17:52:20 -0800
Processing by SessionsController#create as HTML
  Parameters: {"utf8"=>"✓", "authenticity_token"=>"xGrJzsXfL33Xc4MQnQ+XDdirmTJY6Whv+rsPY4iazphNXrd6EPnOjedQcopR7WGEugOFXArc+4Q5bz1C7CGDgw==", "email"=>"test", "password"=>"[FILTERED]", "commit"=>"Log in"}
  [1m[36mUser Load (0.9ms)[0m  [1mSELECT  "users".* FROM "users" WHERE "users"."email" = $1  ORDER BY "users"."id" ASC LIMIT 1[0m  [["email", "test"]]
Redirected to http://localhost:3000/
Completed 302 Found in 135ms (ActiveRecord: 0.9ms)


Started GET "/" for 127.0.0.1 at 2015-01-19 17:52:20 -0800
Processing by HomeController#index as HTML
  [1m[35mUser Load (0.4ms)[0m  SELECT  "users".* FROM "users" WHERE "users"."id" = $1 LIMIT 1  [["id", 1]]
  Rendered home/index.html.erb within layouts/application (1.2ms)
Completed 200 OK in 77ms (Views: 76.1ms | ActiveRecord: 0.4ms)


Started GET "/log-in" for 127.0.0.1 at 2015-01-19 17:52:26 -0800
Processing by SessionsController#new as HTML
  Rendered sessions/new.html.erb within layouts/application (0.4ms)
Completed 200 OK in 58ms (Views: 57.0ms | ActiveRecord: 0.0ms)


Started POST "/log-in" for 127.0.0.1 at 2015-01-19 17:52:33 -0800
Processing by SessionsController#create as HTML
  Parameters: {"utf8"=>"✓", "authenticity_token"=>"DPH5aw/9Gn2XfoI8QnCjEBN5aR4mbMh5FvVEazdwhhCFxYff2tv7jaddc6aOklWZcdF1cHRZW5LVIXZKU8vLCw==", "email"=>"test", "password"=>"[FILTERED]", "commit"=>"Log in"}
  [1m[36mUser Load (1.6ms)[0m  [1mSELECT  "users".* FROM "users" WHERE "users"."email" = $1  ORDER BY "users"."id" ASC LIMIT 1[0m  [["email", "test"]]
Redirected to http://localhost:3000/
Completed 302 Found in 150ms (ActiveRecord: 1.6ms)


Started GET "/" for 127.0.0.1 at 2015-01-19 17:52:33 -0800
Processing by HomeController#index as HTML
  [1m[35mUser Load (1.6ms)[0m  SELECT  "users".* FROM "users" WHERE "users"."id" = $1 LIMIT 1  [["id", 1]]
  Rendered home/index.html.erb within layouts/application (4.1ms)
Completed 200 OK in 75ms (Views: 73.3ms | ActiveRecord: 1.6ms)


Started GET "/log-out" for 127.0.0.1 at 2015-01-19 17:52:39 -0800
Processing by SessionsController#destroy as HTML
Redirected to http://localhost:3000/
Completed 302 Found in 1ms (ActiveRecord: 0.0ms)


Started GET "/" for 127.0.0.1 at 2015-01-19 17:52:39 -0800
Processing by HomeController#index as HTML
  Rendered home/index.html.erb within layouts/application (0.4ms)
Completed 200 OK in 63ms (Views: 62.8ms | ActiveRecord: 0.0ms)


Started GET "/log-in" for 127.0.0.1 at 2015-01-19 17:52:42 -0800
Processing by SessionsController#new as HTML
  Rendered sessions/new.html.erb within layouts/application (0.6ms)
Completed 200 OK in 55ms (Views: 54.1ms | ActiveRecord: 0.0ms)


Started POST "/log-in" for 127.0.0.1 at 2015-01-19 17:52:49 -0800
Processing by SessionsController#create as HTML
  Parameters: {"utf8"=>"✓", "authenticity_token"=>"IOTBPWR1OFHohNJda40wNeuXhgaTGxpAnj2bVtsDivKp0L+JsVPZodinI8enb8a8iT+aaMEuiatd6al3v7jH6Q==", "email"=>"test", "password"=>"[FILTERED]", "commit"=>"Log in"}
  [1m[36mUser Load (2.6ms)[0m  [1mSELECT  "users".* FROM "users" WHERE "users"."email" = $1  ORDER BY "users"."id" ASC LIMIT 1[0m  [["email", "test"]]
Redirected to http://localhost:3000/
Completed 302 Found in 146ms (ActiveRecord: 2.6ms)


Started GET "/" for 127.0.0.1 at 2015-01-19 17:52:49 -0800
Processing by HomeController#index as HTML
  [1m[35mUser Load (2.7ms)[0m  SELECT  "users".* FROM "users" WHERE "users"."id" = $1 LIMIT 1  [["id", 1]]
  Rendered home/index.html.erb within layouts/application (3.8ms)
Completed 200 OK in 119ms (Views: 116.1ms | ActiveRecord: 2.7ms)


Started GET "/log-out" for 127.0.0.1 at 2015-01-19 17:53:04 -0800
Processing by SessionsController#destroy as HTML
Redirected to http://localhost:3000/
Completed 302 Found in 1ms (ActiveRecord: 0.0ms)


Started GET "/" for 127.0.0.1 at 2015-01-19 17:53:04 -0800
Processing by HomeController#index as HTML
  Rendered home/index.html.erb within layouts/application (0.1ms)
Completed 200 OK in 68ms (Views: 67.2ms | ActiveRecord: 0.0ms)


Started GET "/log-out" for 127.0.0.1 at 2015-01-19 17:53:07 -0800
Processing by SessionsController#destroy as HTML
Redirected to http://localhost:3000/
Completed 302 Found in 1ms (ActiveRecord: 0.0ms)


Started GET "/" for 127.0.0.1 at 2015-01-19 17:53:07 -0800
Processing by HomeController#index as HTML
  Rendered home/index.html.erb within layouts/application (0.0ms)
Completed 200 OK in 68ms (Views: 67.6ms | ActiveRecord: 0.0ms)


Started GET "/users/new" for 127.0.0.1 at 2015-01-19 17:53:08 -0800
Processing by UsersController#new as HTML
  Rendered users/new.html.erb within layouts/application (26.8ms)
Completed 200 OK in 106ms (Views: 104.8ms | ActiveRecord: 0.0ms)


Started POST "/users" for 127.0.0.1 at 2015-01-19 17:53:21 -0800
Processing by UsersController#create as HTML
  Parameters: {"utf8"=>"✓", "authenticity_token"=>"ltiDPYJ6POKDIirwKWia3TCoTysqsX04zTES6d/ZU28f7P2JV1zdErMB22rlimxUUgBTRXiE7tMO5SDIu2IedA==", "user"=>{"email"=>"abc", "password"=>"[FILTERED]", "password_confirmation"=>"[FILTERED]"}, "commit"=>"Sign Up"}
  [1m[36m (0.9ms)[0m  [1mBEGIN[0m
  [1m[35mUser Exists (2.6ms)[0m  SELECT  1 AS one FROM "users" WHERE "users"."email" = 'abc' LIMIT 1
  [1m[36m (0.2ms)[0m  [1mROLLBACK[0m
Redirected to http://localhost:3000/users/new
Completed 302 Found in 33ms (ActiveRecord: 3.7ms)


Started GET "/users/new" for 127.0.0.1 at 2015-01-19 17:53:21 -0800
Processing by UsersController#new as HTML
  Rendered users/new.html.erb within layouts/application (13.7ms)
Completed 200 OK in 74ms (Views: 73.2ms | ActiveRecord: 0.0ms)


Started POST "/users" for 127.0.0.1 at 2015-01-19 17:54:18 -0800
Processing by UsersController#create as HTML
  Parameters: {"utf8"=>"✓", "authenticity_token"=>"m/9zbfE7n3UEHn9LZk4++/S7NX9vX+nD1ilYyjOVVrYSyw3ZJB1+hTQ9jtGqrMhylhMpET1qeigV/WrrVy4brQ==", "user"=>{"email"=>"abc@nowhere.com", "password"=>"[FILTERED]", "password_confirmation"=>"[FILTERED]"}, "commit"=>"Sign Up"}
  [1m[35m (0.2ms)[0m  BEGIN
  [1m[36mUser Exists (1.2ms)[0m  [1mSELECT  1 AS one FROM "users" WHERE "users"."email" = 'abc@nowhere.com' LIMIT 1[0m
  [1m[35mSQL (0.7ms)[0m  INSERT INTO "users" ("email", "password_salt", "password_hash", "created_at", "updated_at") VALUES ($1, $2, $3, $4, $5) RETURNING "id"  [["email", "abc@nowhere.com"], ["password_salt", "$2a$10$tGxccMTiP0y9Mnh8oLGQbe"], ["password_hash", "$2a$10$tGxccMTiP0y9Mnh8oLGQbe2CT31TKcpxbQazE6OGKSfxJSg5yjF4u"], ["created_at", "2015-01-20 01:54:18.916805"], ["updated_at", "2015-01-20 01:54:18.916805"]]
  [1m[36m (2.8ms)[0m  [1mCOMMIT[0m
Redirected to http://localhost:3000/
Completed 302 Found in 161ms (ActiveRecord: 4.8ms)


Started GET "/" for 127.0.0.1 at 2015-01-19 17:54:18 -0800
Processing by HomeController#index as HTML
  Rendered home/index.html.erb within layouts/application (0.1ms)
Completed 200 OK in 66ms (Views: 65.7ms | ActiveRecord: 0.0ms)


Started GET "/log-out" for 127.0.0.1 at 2015-01-19 17:54:28 -0800
Processing by SessionsController#destroy as HTML
Redirected to http://localhost:3000/
Completed 302 Found in 1ms (ActiveRecord: 0.0ms)


Started GET "/" for 127.0.0.1 at 2015-01-19 17:54:28 -0800
Processing by HomeController#index as HTML
  Rendered home/index.html.erb within layouts/application (0.1ms)
Completed 200 OK in 56ms (Views: 55.8ms | ActiveRecord: 0.0ms)


Started GET "/log-out" for 127.0.0.1 at 2015-01-19 17:54:30 -0800
Processing by SessionsController#destroy as HTML
Redirected to http://localhost:3000/
Completed 302 Found in 1ms (ActiveRecord: 0.0ms)


Started GET "/" for 127.0.0.1 at 2015-01-19 17:54:30 -0800
Processing by HomeController#index as HTML
  Rendered home/index.html.erb within layouts/application (0.0ms)
Completed 200 OK in 65ms (Views: 64.4ms | ActiveRecord: 0.0ms)


Started GET "/log-in" for 127.0.0.1 at 2015-01-19 17:54:32 -0800
Processing by SessionsController#new as HTML
  Rendered sessions/new.html.erb within layouts/application (0.6ms)
Completed 200 OK in 107ms (Views: 106.2ms | ActiveRecord: 0.0ms)


Started POST "/log-in" for 127.0.0.1 at 2015-01-19 17:54:41 -0800
Processing by SessionsController#create as HTML
  Parameters: {"utf8"=>"✓", "authenticity_token"=>"5g+eQDE9kNTG400MynpnzExvFd9eW1CqRge7dMJAPUhvO+D05BtxJPbAvJYGmJFFLscJsQxuw0GF04lVpvtwUw==", "email"=>"abc@nowhere.com", "password"=>"[FILTERED]", "commit"=>"Log in"}
  [1m[35mUser Load (2.5ms)[0m  SELECT  "users".* FROM "users" WHERE "users"."email" = $1  ORDER BY "users"."id" ASC LIMIT 1  [["email", "abc@nowhere.com"]]
Redirected to http://localhost:3000/
Completed 302 Found in 143ms (ActiveRecord: 2.5ms)


Started GET "/" for 127.0.0.1 at 2015-01-19 17:54:41 -0800
Processing by HomeController#index as HTML
  [1m[36mUser Load (1.1ms)[0m  [1mSELECT  "users".* FROM "users" WHERE "users"."id" = $1 LIMIT 1[0m  [["id", 2]]
  Rendered home/index.html.erb within layouts/application (1.6ms)
Completed 200 OK in 74ms (Views: 72.3ms | ActiveRecord: 1.1ms)


Started GET "/log-out" for 127.0.0.1 at 2015-01-19 17:54:52 -0800
Processing by SessionsController#destroy as HTML
Redirected to http://localhost:3000/
Completed 302 Found in 3ms (ActiveRecord: 0.0ms)


Started GET "/" for 127.0.0.1 at 2015-01-19 17:54:52 -0800
Processing by HomeController#index as HTML
  Rendered home/index.html.erb within layouts/application (0.0ms)
Completed 200 OK in 56ms (Views: 55.3ms | ActiveRecord: 0.0ms)


Started GET "/log-out" for 127.0.0.1 at 2015-01-19 17:54:54 -0800
Processing by SessionsController#destroy as HTML
Redirected to http://localhost:3000/
Completed 302 Found in 1ms (ActiveRecord: 0.0ms)


Started GET "/" for 127.0.0.1 at 2015-01-19 17:54:54 -0800
Processing by HomeController#index as HTML
  Rendered home/index.html.erb within layouts/application (0.1ms)
Completed 200 OK in 64ms (Views: 63.4ms | ActiveRecord: 0.0ms)


Started GET "/log-in" for 127.0.0.1 at 2015-01-19 17:54:56 -0800
Processing by SessionsController#new as HTML
  Rendered sessions/new.html.erb within layouts/application (0.5ms)
Completed 200 OK in 61ms (Views: 60.2ms | ActiveRecord: 0.0ms)


Started GET "/users/new" for 127.0.0.1 at 2015-01-19 17:54:59 -0800
Processing by UsersController#new as HTML
  Rendered users/new.html.erb within layouts/application (1.2ms)
Completed 200 OK in 58ms (Views: 57.3ms | ActiveRecord: 0.0ms)


Started POST "/users" for 127.0.0.1 at 2015-01-19 17:55:08 -0800
Processing by UsersController#create as HTML
  Parameters: {"utf8"=>"✓", "authenticity_token"=>"0tzvwmJXEB+vhArlamo/QCSUNajFHa8VqGOBf6qgUZdb6JF2t3Hx75+n+3+miMnJRjwpxpcoPP5rt7NezhscjA==", "user"=>{"email"=>"abc@nowhere.com", "password"=>"[FILTERED]", "password_confirmation"=>"[FILTERED]"}, "commit"=>"Sign Up"}
  [1m[35m (1.6ms)[0m  BEGIN
  [1m[36mUser Exists (0.3ms)[0m  [1mSELECT  1 AS one FROM "users" WHERE "users"."email" = 'abc@nowhere.com' LIMIT 1[0m
  [1m[35m (2.6ms)[0m  ROLLBACK
Redirected to http://localhost:3000/users/new
Completed 302 Found in 17ms (ActiveRecord: 4.5ms)


Started GET "/users/new" for 127.0.0.1 at 2015-01-19 17:55:08 -0800
Processing by UsersController#new as HTML
  Rendered users/new.html.erb within layouts/application (5.1ms)
Completed 200 OK in 70ms (Views: 69.7ms | ActiveRecord: 0.0ms)
